<?xml version="1.0" encoding="UTF-8"?>
<!-- Generated by org.testng.reporters.JUnitXMLReporter -->
<testsuite ignored="4" hostname="LAPTOP-KRFG0B0G" failures="0" tests="1" name="Default test" time="4.1" errors="0" timestamp="2023-03-21T08:29:06 PDT">
  <testcase classname="basesfdctests.SfdcAutomation" name="Forgotpwd" time="1.24"/>
  <testcase classname="basesfdctests.SfdcAutomation" name="loginToSfdc" time="0.0">
    <ignored/>
  </testcase> <!-- loginToSfdc -->
  <testcase classname="basesfdctests.SfdcAutomation" name="wrongUser" time="0.0">
    <ignored/>
  </testcase> <!-- wrongUser -->
  <testcase classname="basesfdctests.SfdcAutomation" name="ErrorLogin_Script" time="0.0">
    <ignored/>
  </testcase> <!-- ErrorLogin_Script -->
  <testcase classname="basesfdctests.SfdcAutomation" name="RememberUn" time="0.0">
    <ignored/>
  </testcase> <!-- RememberUn -->
</testsuite> <!-- Default test -->
