<?xml version="1.0" encoding="UTF-8"?>
<testng-results ignored="4" total="5" passed="1" failed="0" skipped="0">
  <reporter-output>
  </reporter-output>
  <suite started-at="2023-03-21T08:29:02 PDT" name="Default suite" finished-at="2023-03-21T08:29:06 PDT" duration-ms="4100">
    <groups>
    </groups>
    <test started-at="2023-03-21T08:29:02 PDT" name="Default test" finished-at="2023-03-21T08:29:06 PDT" duration-ms="4100">
      <class name="basesfdctests.SfdcAutomation">
        <test-method is-config="true" signature="set_UpBeforeTest()[pri:0, instance:basesfdctests.SfdcAutomation@3835c46]" started-at="2023-03-21T08:29:02 PDT" name="set_UpBeforeTest" finished-at="2023-03-21T08:29:02 PDT" duration-ms="8" status="PASS">
          <reporter-output>
          </reporter-output>
        </test-method> <!-- set_UpBeforeTest -->
        <test-method is-config="true" signature="BeforeTestMethod(java.lang.String,java.lang.reflect.Method)[pri:0, instance:basesfdctests.SfdcAutomation@3835c46]" started-at="2023-03-21T08:29:02 PDT" name="BeforeTestMethod" finished-at="2023-03-21T08:29:05 PDT" duration-ms="2528" status="PASS">
          <params>
            <param index="0">
              <value>
                <![CDATA[chrome]]>
              </value>
            </param>
            <param index="1">
              <value>
                <![CDATA[public void basesfdctests.SfdcAutomation.Forgotpwd() throws java.io.IOException,java.lang.InterruptedException]]>
              </value>
            </param>
          </params>
          <reporter-output>
          </reporter-output>
        </test-method> <!-- BeforeTestMethod -->
        <test-method signature="Forgotpwd()[pri:0, instance:basesfdctests.SfdcAutomation@3835c46]" started-at="2023-03-21T08:29:05 PDT" name="Forgotpwd" finished-at="2023-03-21T08:29:06 PDT" duration-ms="1240" status="PASS">
          <reporter-output>
          </reporter-output>
        </test-method> <!-- Forgotpwd -->
        <test-method is-config="true" signature="AfterTestMethod()[pri:0, instance:basesfdctests.SfdcAutomation@3835c46]" started-at="2023-03-21T08:29:06 PDT" name="AfterTestMethod" finished-at="2023-03-21T08:29:06 PDT" duration-ms="272" status="PASS">
          <reporter-output>
          </reporter-output>
        </test-method> <!-- AfterTestMethod -->
      </class> <!-- basesfdctests.SfdcAutomation -->
    </test> <!-- Default test -->
  </suite> <!-- Default suite -->
</testng-results>
